[debug] [2026-04-20T12:22:07.744Z] [Firebase Plugin] Activating Firebase extension.
[debug] [2026-04-20T12:22:10.153Z] [Firebase Plugin] requireAuthWrapper
[debug] [2026-04-20T12:22:10.155Z] > command requires scopes: ["email","openid","https://www.googleapis.com/auth/cloudplatformprojects.readonly","https://www.googleapis.com/auth/firebase","https://www.googleapis.com/auth/cloud-platform"]
[debug] [2026-04-20T12:22:10.155Z] > authorizing via signed-in user (ikmal03411@gmail.com)
[debug] [2026-04-20T12:22:10.157Z] Checked if tokens are valid: false, expires at: 1776614598189
[debug] [2026-04-20T12:22:10.157Z] Checked if tokens are valid: false, expires at: 1776614598189
[debug] [2026-04-20T12:22:10.158Z] > refreshing access token with scopes: []
[debug] [2026-04-20T12:22:10.159Z] >>> [apiv2][query] POST https://www.googleapis.com/oauth2/v3/token [none]
[debug] [2026-04-20T12:22:10.159Z] >>> [apiv2][body] POST https://www.googleapis.com/oauth2/v3/token [omitted]
[debug] [2026-04-20T12:22:10.166Z] [Firebase Plugin] VSCode notification server listening on port 40001
[info] [Firebase Plugin] Starting SQL Connect toolkit (version 3.4.5) on port 50001
[info] i  dataconnect: downloading dataconnect-emulator-3.4.5.exe... {"metadata":{"emulator":{"name":"dataconnect"},"message":"downloading dataconnect-emulator-3.4.5.exe..."}}
[debug] [2026-04-20T12:22:10.479Z] >>> [apiv2][query] GET https://storage.googleapis.com/firemat-preview-drop/emulator/dataconnect-emulator-windows-amd64-v3.4.5 
[debug] [2026-04-20T12:22:10.541Z] <<< [apiv2][status] POST https://www.googleapis.com/oauth2/v3/token 200
[debug] [2026-04-20T12:22:10.541Z] <<< [apiv2][body] POST https://www.googleapis.com/oauth2/v3/token [omitted]
[debug] [2026-04-20T12:22:10.546Z] [Firebase Plugin] User found:  ikmal03411@gmail.com
[info] [Firebase Plugin] (Core:Project) New user detected, fetching projects
[debug] [2026-04-20T12:22:10.547Z] Checked if tokens are valid: true, expires at: 1776691329541
[debug] [2026-04-20T12:22:10.548Z] >>> [apiv2][query] GET https://firebase.googleapis.com/v1beta1/projects pageSize=1000
[debug] [2026-04-20T12:22:10.908Z] <<< [apiv2][status] GET https://storage.googleapis.com/firemat-preview-drop/emulator/dataconnect-emulator-windows-amd64-v3.4.5 200
[debug] [2026-04-20T12:22:10.908Z] <<< [apiv2][body] GET https://storage.googleapis.com/firemat-preview-drop/emulator/dataconnect-emulator-windows-amd64-v3.4.5 [stream]
[debug] [2026-04-20T12:22:11.241Z] <<< [apiv2][status] GET https://firebase.googleapis.com/v1beta1/projects 200
[debug] [2026-04-20T12:22:11.241Z] <<< [apiv2][body] GET https://firebase.googleapis.com/v1beta1/projects [omitted]
[info] i  dataconnect: Removing outdated emulator files: dataconnect-emulator-3.0.0.exe {"metadata":{"emulator":{"name":"dataconnect"},"message":"Removing outdated emulator files: dataconnect-emulator-3.0.0.exe"}}
[debug] [2026-04-20T12:22:15.068Z] 'fdc build' failed with error: Unable to build your SQL Connect schema and connectors (exit code 1): E0420 20:22:14.994483   18876 cmd.go:43] Error loading data connect config: could not find dataconnect.yaml in `c:\xampp\htdocs\elibrary\dataconnect`
 {"metadata":{"emulator":{"name":"dataconnect"},"message":"'fdc build' failed with error: Unable to build your SQL Connect schema and connectors (exit code 1): E0420 20:22:14.994483   18876 cmd.go:43] Error loading data connect config: could not find dataconnect.yaml in `c:\\xampp\\htdocs\\elibrary\\dataconnect`\n"}}
[debug] [2026-04-20T12:22:15.069Z] Ignoring unsupported arg: auto_download {"metadata":{"emulator":{"name":"dataconnect"},"message":"Ignoring unsupported arg: auto_download"}}
[debug] [2026-04-20T12:22:15.069Z] Ignoring unsupported arg: port {"metadata":{"emulator":{"name":"dataconnect"},"message":"Ignoring unsupported arg: port"}}
[debug] [2026-04-20T12:22:15.069Z] Starting SQL Connect Emulator with command {"binary":"C:\\Users\\Admin\\.cache\\firebase\\emulators\\dataconnect-emulator-3.4.5.exe","args":["--logtostderr","-v=2","dev","--listen=localhost:50001","--config_dir=c:\\xampp\\htdocs\\elibrary\\dataconnect","--enable_output_schema_extensions=true","--enable_output_generated_sdk=true"],"optionalArgs":["listen","config_dir","enable_output_schema_extensions","enable_output_generated_sdk"],"joinArgs":true,"shell":false,"port":9399} {"metadata":{"emulator":{"name":"dataconnect"},"message":"Starting SQL Connect Emulator with command {\"binary\":\"C:\\\\Users\\\\Admin\\\\.cache\\\\firebase\\\\emulators\\\\dataconnect-emulator-3.4.5.exe\",\"args\":[\"--logtostderr\",\"-v=2\",\"dev\",\"--listen=localhost:50001\",\"--config_dir=c:\\\\xampp\\\\htdocs\\\\elibrary\\\\dataconnect\",\"--enable_output_schema_extensions=true\",\"--enable_output_generated_sdk=true\"],\"optionalArgs\":[\"listen\",\"config_dir\",\"enable_output_schema_extensions\",\"enable_output_generated_sdk\"],\"joinArgs\":true,\"shell\":false,\"port\":9399}"}}
[info] i  dataconnect: SQL Connect Emulator logging to dataconnect-debug.log {"metadata":{"emulator":{"name":"dataconnect"},"message":"SQL Connect Emulator logging to \u001b[1mdataconnect-debug.log\u001b[22m"}}
[debug] [2026-04-20T12:22:15.133Z] E0420 20:22:15.106684   12732 dev.go:83] Failed to load initial config from "c:\\xampp\\htdocs\\elibrary\\dataconnect": could not find dataconnect.yaml in `c:\xampp\htdocs\elibrary\dataconnect`
 {"metadata":{"emulator":{"name":"dataconnect"},"message":"E0420 20:22:15.106684   12732 dev.go:83] Failed to load initial config from \"c:\\\\xampp\\\\htdocs\\\\elibrary\\\\dataconnect\": could not find dataconnect.yaml in `c:\\xampp\\htdocs\\elibrary\\dataconnect`\n"}}
[debug] [2026-04-20T12:22:15.133Z] E0420 20:22:15.133619   12732 watch.go:116] watchAllDir unable to walk dir `c:\xampp\htdocs\elibrary\dataconnect`: GetFileAttributesEx c:\xampp\htdocs\elibrary\dataconnect: The system cannot find the file specified.
 {"metadata":{"emulator":{"name":"dataconnect"},"message":"E0420 20:22:15.133619   12732 watch.go:116] watchAllDir unable to walk dir `c:\\xampp\\htdocs\\elibrary\\dataconnect`: GetFileAttributesEx c:\\xampp\\htdocs\\elibrary\\dataconnect: The system cannot find the file specified.\n"}}
[debug] [2026-04-20T12:22:15.142Z] I0420 20:22:15.142088   12732 dev.go:104] Listening on address (HTTP + gRPC): 127.0.0.1:50001
 {"metadata":{"emulator":{"name":"dataconnect"},"message":"I0420 20:22:15.142088   12732 dev.go:104] Listening on address (HTTP + gRPC): 127.0.0.1:50001\n"}}
[error] [Firebase Plugin] error:  {}
[info] [Firebase Plugin] Stopping SQL Connect toolkit
[warn] !  SQL Connect Emulator has exited upon receiving signal: SIGINT 
